<?xml version="1.0" encoding="UTF-8"?>
<!-- Generated by org.testng.reporters.JUnitXMLReporter -->
<testsuite hostname="CDC2-D-6S9CH92" ignored="0" name="Test" tests="1" failures="1" timestamp="24 Jul 2019 09:40:42 GMT" time="8.74" errors="0">
  <testcase name="@AfterTest afterMethod" time="0.0" classname="Integration_code.NewTest">
    <failure type="java.lang.NullPointerException">
      <![CDATA[java.lang.NullPointerException
at Integration_code.NewTest.afterMethod(NewTest.java:35)
... Removed 24 stack frames]]>
    </failure>
  </testcase> <!-- @AfterTest afterMethod -->
  <testcase name="f" time="0.011" classname="Integration_code.NewTest">
    <failure type="java.lang.NullPointerException">
      <![CDATA[java.lang.NullPointerException
at Integration_code.NewTest.f(NewTest.java:18)
... Removed 25 stack frames]]>
    </failure>
  </testcase> <!-- f -->
</testsuite> <!-- Test -->
