<?xml version="1.0" encoding="UTF-8"?>
<testng-results skipped="0" failed="0" ignored="0" total="1" passed="1">
  <reporter-output>
  </reporter-output>
  <suite name="Default suite" duration-ms="14905" started-at="2019-07-24T09:47:05Z" finished-at="2019-07-24T09:47:20Z">
    <groups>
    </groups>
    <test name="Default test" duration-ms="14905" started-at="2019-07-24T09:47:05Z" finished-at="2019-07-24T09:47:20Z">
      <class name="Integration_code.NewTest">
        <test-method status="PASS" signature="beforeMethod()[pri:0, instance:Integration_code.NewTest@14acaea5]" name="beforeMethod" is-config="true" duration-ms="11989" started-at="2019-07-24T09:47:05Z" finished-at="2019-07-24T09:47:17Z">
          <reporter-output>
          </reporter-output>
        </test-method> <!-- beforeMethod -->
        <test-method status="PASS" signature="f()[pri:0, instance:Integration_code.NewTest@14acaea5]" name="f" duration-ms="2511" started-at="2019-07-24T09:47:17Z" finished-at="2019-07-24T09:47:20Z">
          <reporter-output>
          </reporter-output>
        </test-method> <!-- f -->
        <test-method status="PASS" signature="afterMethod()[pri:0, instance:Integration_code.NewTest@14acaea5]" name="afterMethod" is-config="true" duration-ms="373" started-at="2019-07-24T09:47:20Z" finished-at="2019-07-24T09:47:20Z">
          <reporter-output>
          </reporter-output>
        </test-method> <!-- afterMethod -->
      </class> <!-- Integration_code.NewTest -->
    </test> <!-- Default test -->
  </suite> <!-- Default suite -->
</testng-results>
